2025-07-16 16:12:09,527 - INFO - Running stage '_check-env-my-conda-env':
2025-07-16 16:12:09,527 - INFO - > calkit check environment --name my-conda-env
2025-07-16 16:12:10,693 - INFO - Running stage '_check-env-ubuntu':
2025-07-16 16:12:10,693 - INFO - > calkit check environment --name ubuntu
2025-07-16 16:12:17,231 - INFO - Updating lock file 'dvc.lock'
2025-07-16 16:12:17,242 - INFO - Running stage '_check-env-my-uv':
2025-07-16 16:12:17,242 - INFO - > calkit check environment --name my-uv
2025-07-16 16:12:17,951 - INFO - Running stage '_check-env-uv-venv':
2025-07-16 16:12:17,952 - INFO - > calkit check environment --name uv-venv
2025-07-16 16:12:18,632 - INFO - Running stage '_check-env-openfoam':
2025-07-16 16:12:18,632 - INFO - > calkit check environment --name openfoam
2025-07-16 16:14:10,376 - INFO - Updating lock file 'dvc.lock'
2025-07-16 16:14:10,385 - INFO - Running stage '_check-env-my-venv':
2025-07-16 16:14:10,385 - INFO - > calkit check environment --name my-venv
2025-07-16 16:14:11,928 - INFO - Stage 'my-conda-command' didn't change, skipping
2025-07-16 16:14:11,930 - INFO - Stage 'my-pixi-command' didn't change, skipping
2025-07-16 16:14:11,938 - INFO - Running stage 'my-docker-command':
2025-07-16 16:14:11,938 - INFO - > calkit xenv -n ubuntu --no-check -- bash --noprofile --norc -c "cat /etc/lsb-release > results/ubuntu.txt"
2025-07-16 16:14:13,358 - INFO - Updating lock file 'dvc.lock'
2025-07-16 16:14:13,367 - INFO - Stage 'my-uv-command' didn't change, skipping
2025-07-16 16:14:13,370 - INFO - Stage 'my-uv-venv-command' didn't change, skipping
2025-07-16 16:14:13,373 - INFO - Stage 'my-pixi-env-command' didn't change, skipping
2025-07-16 16:14:13,379 - INFO - Running stage 'my-openfoam-command':
2025-07-16 16:14:13,379 - INFO - > calkit xenv -n openfoam --no-check -- bash --noprofile --norc -c "icoFoam -help > results/openfoam.txt"
2025-07-16 16:14:14,381 - INFO - Updating lock file 'dvc.lock'
2025-07-16 16:14:14,390 - INFO - Stage 'my-venv-command' didn't change, skipping
